[2025-03-02 19:11:45,832] 8 root - INFO - data loading started...
[2025-03-02 19:11:45,929] 14 root - INFO - File playwr.txt saved successfully.
[2025-03-02 19:11:48,691] 18 root - INFO - data loading completed...
[2025-03-02 19:11:50,445] 19 root - INFO - 
[2025-03-02 19:12:44,630] 8 root - INFO - data loading started...
[2025-03-02 19:12:44,632] 14 root - INFO - File playwr.txt saved successfully.
[2025-03-02 19:12:44,652] 18 root - INFO - data loading completed...
[2025-03-02 19:12:46,429] 19 root - INFO - 
[2025-03-02 19:19:14,542] 8 root - INFO - data loading started...
[2025-03-02 19:19:14,545] 14 root - INFO - File Playwright.docx saved successfully.
[2025-03-02 19:19:14,666] 18 root - INFO - data loading completed...
[2025-03-02 19:19:16,178] 19 root - INFO - 
[2025-03-02 19:20:16,413] 8 root - INFO - data loading started...
[2025-03-02 19:20:16,418] 14 root - INFO - File PYTHON NOTES.docx saved successfully.
[2025-03-02 19:20:16,461] 18 root - INFO - data loading completed...
[2025-03-02 19:20:17,971] 19 root - INFO - 
[2025-03-02 19:20:46,085] 8 root - INFO - data loading started...
[2025-03-02 19:20:46,087] 14 root - INFO - File PYTHON NOTES.docx saved successfully.
[2025-03-02 19:20:46,141] 18 root - INFO - data loading completed...
[2025-03-02 19:20:47,619] 19 root - INFO - 
